<?xml version="1.0" encoding="UTF-8"?>
<testng-results ignored="0" total="1" passed="1" failed="0" skipped="0">
  <reporter-output>
  </reporter-output>
  <suite started-at="2020-11-20T10:32:56 EST" name="Suite" finished-at="2020-11-20T10:33:07 EST" duration-ms="11213">
    <groups>
    </groups>
    <test started-at="2020-11-20T10:32:56 EST" name="Test" finished-at="2020-11-20T10:33:07 EST" duration-ms="11213">
      <class name="com.testexecution.SmokeTestWithTestNG">
        <test-method is-config="true" signature="getDriverSetup()[pri:0, instance:com.testexecution.SmokeTestWithTestNG@6236eb5f]" started-at="2020-11-20T10:32:56 EST" name="getDriverSetup" finished-at="2020-11-20T10:33:04 EST" duration-ms="7732" status="PASS">
          <reporter-output>
          </reporter-output>
        </test-method> <!-- getDriverSetup -->
        <test-method signature="getSalary()[pri:0, instance:com.testexecution.SmokeTestWithTestNG@6236eb5f]" started-at="2020-11-20T10:33:04 EST" name="getSalary" finished-at="2020-11-20T10:33:06 EST" duration-ms="2276" status="PASS">
          <reporter-output>
          </reporter-output>
        </test-method> <!-- getSalary -->
        <test-method is-config="true" signature="getDriveClose()[pri:0, instance:com.testexecution.SmokeTestWithTestNG@6236eb5f]" started-at="2020-11-20T10:33:06 EST" name="getDriveClose" finished-at="2020-11-20T10:33:07 EST" duration-ms="1166" status="PASS">
          <reporter-output>
          </reporter-output>
        </test-method> <!-- getDriveClose -->
      </class> <!-- com.testexecution.SmokeTestWithTestNG -->
    </test> <!-- Test -->
  </suite> <!-- Suite -->
</testng-results>
